\BOOKMARK [0][-]{section*.1}{Table of Contents}{}% 1
\BOOKMARK [0][-]{section*.2}{List of Figures}{}% 2
\BOOKMARK [0][-]{section*.3}{List of Tables}{}% 3
\BOOKMARK [0][-]{section*.4}{Abstract}{}% 4
\BOOKMARK [0][-]{chapter.1}{Introduction}{}% 5
\BOOKMARK [1][-]{section.1.1}{Overview of Face Based Biometric Systems}{chapter.1}% 6
\BOOKMARK [1][-]{section.1.2}{Literature Survey}{chapter.1}% 7
\BOOKMARK [1][-]{section.1.3}{Problem Statement}{chapter.1}% 8
\BOOKMARK [1][-]{section.1.4}{Motivation of the problem}{chapter.1}% 9
\BOOKMARK [1][-]{section.1.5}{Proposed System}{chapter.1}% 10
\BOOKMARK [1][-]{section.1.6}{Applications}{chapter.1}% 11
\BOOKMARK [0][-]{chapter.2}{Software Requirement Specification}{}% 12
\BOOKMARK [1][-]{section.2.1}{Overall Description}{chapter.2}% 13
\BOOKMARK [1][-]{section.2.2}{Specific Requirements}{chapter.2}% 14
\BOOKMARK [1][-]{section.2.3}{Performance}{chapter.2}% 15
\BOOKMARK [1][-]{section.2.4}{Supportablity}{chapter.2}% 16
\BOOKMARK [1][-]{section.2.5}{Design Constraints}{chapter.2}% 17
\BOOKMARK [1][-]{section.2.6}{Interfaces}{chapter.2}% 18
\BOOKMARK [0][-]{section*.7}{References}{}% 19
\BOOKMARK [0][-]{section*.8}{Appendices}{}% 20
\BOOKMARK [0][-]{chapter.A}{ATMega 8}{}% 21
